--------------------
 The tax applicable in this context is the Federal income tax.
The tax rate for a single person with a taxable income of $921324 is:
$921324 x 36% = $33651.60
So, Alice's tax payable is:
$33651.60 + $53200 (wages paid to Bob) = $38971.60
Therefore, Alice's total tax payable is $38971.60.
$344848
--------------------
 Based on the information provided, Alice's tax liability for 2017 would be:
$6662 (gross income) x 22% (tax rate for single filers with taxable income between $38,646 and $84,201) = $1,436.84
So, Alice's tax payable in 2017 is $1,436.84.
$249
--------------------
 The tax calculation for Alice in 2017 is as follows:
Taxable income = $39,212
Tax rate = 12%
Tax = $4,667.44
Total tax = $4,667.44
So, Alice has to pay $4,667.44 in taxes in 2017.
$6621
--------------------
 The tax applicable to Alice's income in 2017 is as follows:
* Taxable income = Gross income - Standard deduction
= $22,895 - $6,350
= $16,545
* Tax = Taxable income x Tax rate
= $16,545 x 22%
= $3,563.80
Therefore, Alice has to pay $3,563.80 in tax for the year 2017.
Tax applicable = $3,563.80
$2684
--------------------
 Based on the information provided, Alice's tax liability in 2017 would be as follows:
Taxable income = $34,081 (Bob's income) + $23,191 (Alice's income) = $57,272
Tax = $57,272 x 24% (marginal tax rate for joint filers) = $1,340.08
Total tax = $1,340.08
$8439
--------------------
 Tax applicable = $3200 x 10% = $320
Total tax = $3200 + ($3200 x 10% = $320) = $3520
After tag total tax = $3520 - $103272 x 15% = $4645.50
$17399
--------------------
 Based on the information provided, Bob's tax liability for 2018 would be:
Total tax = $132,268 x 24% = $3,058.04
So Bob would have to pay $3,058.04 in taxes for 2018.
$33068
--------------------
 Tax calculation for Alice in 2015:
Taxable income = Gross income - Standard deduction
= $264,215 - $6,300
= $257,915
Tax = Taxable income x Tax rate
= $257,915 x 25%
= $64,478.75
Total tax = Federal tax + State tax
Federal tax = $64,478.75 x 15%
= $9,667.22
State tax = $64,478.75 x 5%
= $3,223.93
Total tax = $9,667.22 + $3,223.93
= $12,891.15
$82819
--------------------
 Based on the information provided, Alice's tax liability in 2020 would be as follows:
Tag Total Tax: $604312 x 24% = $145,368.40
So Alice would have to pay $145,368.40 in taxes in 2020.
$206332
--------------------
 Tax calculation:
Taxable income = Gross income - Standard deduction
Alice's taxable income = $22,895 - $12,700 = $10,195
Tax = Taxable income x Tax rate
Alice's tax = $10,195 x 24% = $2,507.60
Total tax = $2,507.60
$4073
--------------------
 Based on the information provided, Alice's taxable income in 2018 is:
$113209 + $4500 = $117709
Tax applicable on this amount = $117709 x 22% = $26067.30
So, Alice's total tax payable in 2018 is:
$26067.30 + $3200 (paid to Bob) = $29267.30
$28292
--------------------
 Based on the information provided, Alice's taxable income for 2014 is $718,791 - $12,200 (standard deduction). Her tax liability can be calculated as follows:
Taxable income: $718,791
Tax rate: 25%
Tax = $179,697.50
Total tax = $179,697.50
Therefore, Alice's tax payable in 2014 is $179,697.50.
$264225
--------------------
 Based on the information provided, Alice's tax liability for 2012 can be calculated as follows:
1. Calculate Alice's taxable income:
Taxable income = Gross income - Itemized deductions
Taxable income = $67,285 - $17,817 = $49,468
2. Calculate Alice's tax:
Tax = Taxable income x Tax rate
Tax = $49,468 x 25% = $12,362
So, Alice's tax liability for 2012 is $12,362.
Tag: Total tax = $12,362.
$8883
--------------------
 Based on the information provided, Alice's tax liability for 2023 can be calculated as follows:
Gross Income: $54,775
Standard Deduction: $12,400 (for single filers)
Taxable Income: $42,375 ($54,775 - $12,400)
Tax Liability:
Using the tax tables provided by the IRS, we can calculate Alice's tax liability as follows:
Tax on Taxable Income: $6,482.50 (using the 24% tax bracket)
Total Tax: $6,482.50 + $1,240 (standard deduction) = $7,722.50
Therefore, Alice's tax liability for 2023 is $7,722.50.
$6449
--------------------
 Based on the information provided, Alice's tax liability in 2019 would be:
Total tax: $10,874
Please note that this is a simplified calculation and does not take into account any additional tax credits or deductions that Alice may be eligible for.
$14470
--------------------
 Based on the information provided, Bob's taxable income in 2012 is $42,799 ($54,268 - $11,571). Using the tax tables for 2012, Bob's tax liability is:
Taxable income: $42,799
Tax = $4,759
So, Bob has to pay $4,759 in tax in 2012.
Tag: Total tax = $4,759.
$986
--------------------
 Tax calculation:
Taxable income = $34,510 - Standard deduction ($12,400) = $22,110
Tax = $22,110 x 22% = $4,752.20
Total tax = $4,752.20
$2477
--------------------
 Based on the information provided, Alice's tax liability in 2018 would be:
Tax = Total Tax - Exemptions - Standard Deduction
Total Tax = $36991 x 24% + $41990 x 24% = $11,296.80
Exemptions = 2 x $4050 = $8100
Standard Deduction = $12,700
Tax = $11,296.80 - $8100 - $12,700 = $15,896.80
Therefore, Alice's tax liability in 2018 would be $15,896.80.
$10598
--------------------
 Based on the information provided, Bob's tax liability for 2018 would be:
Total tax: $13,875

Please note that this calculation is based on the information provided and does not take into account any additional factors that may affect Bob's tax liability, such as deductions, credits, or changes in tax laws.
$96641
--------------------
 The tax applicable in this context is:
Tax = $311,510 x 22% = $6,753.20
After the standard deduction, Alice's taxable income is $311,510 - $6,753.20 = $304,756.80.
So, Alice has to pay $304,756.80 in taxes.
$102150
accuracy 0.0 %
